mode: count
github.com/MelvinKim/Hotel-Reservation-System/infrastructure/database/postgres.go:21.43,22.17 1 9
github.com/MelvinKim/Hotel-Reservation-System/infrastructure/database/postgres.go:22.17,24.3 1 0
github.com/MelvinKim/Hotel-Reservation-System/infrastructure/database/postgres.go:28.34,34.2 3 9
github.com/MelvinKim/Hotel-Reservation-System/infrastructure/database/postgres.go:37.27,46.31 2 9
github.com/MelvinKim/Hotel-Reservation-System/infrastructure/database/postgres.go:46.31,47.47 1 54
github.com/MelvinKim/Hotel-Reservation-System/infrastructure/database/postgres.go:47.47,49.4 1 0
github.com/MelvinKim/Hotel-Reservation-System/infrastructure/database/postgres.go:54.22,65.16 3 9
github.com/MelvinKim/Hotel-Reservation-System/infrastructure/database/postgres.go:68.2,71.11 4 9
github.com/MelvinKim/Hotel-Reservation-System/infrastructure/database/postgres.go:65.16,67.3 1 0
github.com/MelvinKim/Hotel-Reservation-System/infrastructure/database/postgres.go:77.33,79.84 2 1
github.com/MelvinKim/Hotel-Reservation-System/infrastructure/database/postgres.go:83.2,83.26 1 1
github.com/MelvinKim/Hotel-Reservation-System/infrastructure/database/postgres.go:79.84,81.3 1 0
github.com/MelvinKim/Hotel-Reservation-System/infrastructure/database/postgres.go:89.27,91.72 2 1
github.com/MelvinKim/Hotel-Reservation-System/infrastructure/database/postgres.go:94.2,94.20 1 1
github.com/MelvinKim/Hotel-Reservation-System/infrastructure/database/postgres.go:91.72,93.3 1 0
github.com/MelvinKim/Hotel-Reservation-System/infrastructure/database/postgres.go:100.26,102.70 2 1
github.com/MelvinKim/Hotel-Reservation-System/infrastructure/database/postgres.go:105.2,105.19 1 1
github.com/MelvinKim/Hotel-Reservation-System/infrastructure/database/postgres.go:102.70,104.3 1 0
github.com/MelvinKim/Hotel-Reservation-System/infrastructure/database/postgres.go:111.27,113.72 2 1
github.com/MelvinKim/Hotel-Reservation-System/infrastructure/database/postgres.go:116.2,116.20 1 1
github.com/MelvinKim/Hotel-Reservation-System/infrastructure/database/postgres.go:113.72,115.3 1 0
github.com/MelvinKim/Hotel-Reservation-System/infrastructure/database/postgres.go:122.30,124.78 2 0
github.com/MelvinKim/Hotel-Reservation-System/infrastructure/database/postgres.go:127.2,127.23 1 0
github.com/MelvinKim/Hotel-Reservation-System/infrastructure/database/postgres.go:124.78,126.3 1 0
github.com/MelvinKim/Hotel-Reservation-System/infrastructure/database/postgres.go:133.26,135.70 2 0
github.com/MelvinKim/Hotel-Reservation-System/infrastructure/database/postgres.go:138.2,138.19 1 0
github.com/MelvinKim/Hotel-Reservation-System/infrastructure/database/postgres.go:135.70,137.3 1 0
github.com/MelvinKim/Hotel-Reservation-System/infrastructure/database/postgres.go:146.25,151.35 2 0
github.com/MelvinKim/Hotel-Reservation-System/infrastructure/database/postgres.go:154.2,154.21 1 0
github.com/MelvinKim/Hotel-Reservation-System/infrastructure/database/postgres.go:158.2,158.19 1 0
github.com/MelvinKim/Hotel-Reservation-System/infrastructure/database/postgres.go:151.35,153.3 1 0
github.com/MelvinKim/Hotel-Reservation-System/infrastructure/database/postgres.go:154.21,156.3 1 0
github.com/MelvinKim/Hotel-Reservation-System/infrastructure/database/postgres.go:166.25,171.35 2 0
github.com/MelvinKim/Hotel-Reservation-System/infrastructure/database/postgres.go:174.2,174.21 1 0
github.com/MelvinKim/Hotel-Reservation-System/infrastructure/database/postgres.go:177.2,177.19 1 0
github.com/MelvinKim/Hotel-Reservation-System/infrastructure/database/postgres.go:171.35,173.3 1 0
github.com/MelvinKim/Hotel-Reservation-System/infrastructure/database/postgres.go:174.21,176.3 1 0
github.com/MelvinKim/Hotel-Reservation-System/infrastructure/database/postgres.go:184.29,185.52 1 5
github.com/MelvinKim/Hotel-Reservation-System/infrastructure/database/postgres.go:188.2,188.22 1 5
github.com/MelvinKim/Hotel-Reservation-System/infrastructure/database/postgres.go:185.52,187.3 1 0
github.com/MelvinKim/Hotel-Reservation-System/infrastructure/database/postgres.go:195.25,196.48 1 0
github.com/MelvinKim/Hotel-Reservation-System/infrastructure/database/postgres.go:199.2,199.18 1 0
github.com/MelvinKim/Hotel-Reservation-System/infrastructure/database/postgres.go:196.48,198.3 1 0
github.com/MelvinKim/Hotel-Reservation-System/infrastructure/database/postgres.go:206.26,207.49 1 5
github.com/MelvinKim/Hotel-Reservation-System/infrastructure/database/postgres.go:210.2,210.19 1 5
github.com/MelvinKim/Hotel-Reservation-System/infrastructure/database/postgres.go:207.49,209.3 1 0
github.com/MelvinKim/Hotel-Reservation-System/infrastructure/database/postgres.go:217.32,218.55 1 3
github.com/MelvinKim/Hotel-Reservation-System/infrastructure/database/postgres.go:221.2,221.25 1 3
github.com/MelvinKim/Hotel-Reservation-System/infrastructure/database/postgres.go:218.55,220.3 1 0
github.com/MelvinKim/Hotel-Reservation-System/infrastructure/database/postgres.go:228.26,229.49 1 7
github.com/MelvinKim/Hotel-Reservation-System/infrastructure/database/postgres.go:232.2,232.19 1 7
github.com/MelvinKim/Hotel-Reservation-System/infrastructure/database/postgres.go:229.49,231.3 1 0
github.com/MelvinKim/Hotel-Reservation-System/infrastructure/database/postgres.go:239.25,240.48 1 2
github.com/MelvinKim/Hotel-Reservation-System/infrastructure/database/postgres.go:243.2,243.18 1 2
github.com/MelvinKim/Hotel-Reservation-System/infrastructure/database/postgres.go:240.48,242.3 1 0
github.com/MelvinKim/Hotel-Reservation-System/infrastructure/database/postgres.go:251.32,257.43 2 1
github.com/MelvinKim/Hotel-Reservation-System/infrastructure/database/postgres.go:261.2,264.54 4 1
github.com/MelvinKim/Hotel-Reservation-System/infrastructure/database/postgres.go:267.2,267.26 1 1
github.com/MelvinKim/Hotel-Reservation-System/infrastructure/database/postgres.go:257.43,259.3 1 0
github.com/MelvinKim/Hotel-Reservation-System/infrastructure/database/postgres.go:264.54,266.3 1 0
github.com/MelvinKim/Hotel-Reservation-System/usecase/hotel.go:65.40,66.21 1 3
github.com/MelvinKim/Hotel-Reservation-System/usecase/hotel.go:69.2,69.18 1 3
github.com/MelvinKim/Hotel-Reservation-System/usecase/hotel.go:72.2,72.21 1 3
github.com/MelvinKim/Hotel-Reservation-System/usecase/hotel.go:66.21,68.3 1 0
github.com/MelvinKim/Hotel-Reservation-System/usecase/hotel.go:69.18,71.3 1 0
github.com/MelvinKim/Hotel-Reservation-System/usecase/hotel.go:72.21,74.3 1 0
github.com/MelvinKim/Hotel-Reservation-System/usecase/hotel.go:82.12,90.2 3 3
github.com/MelvinKim/Hotel-Reservation-System/usecase/hotel.go:96.26,98.2 1 3
github.com/MelvinKim/Hotel-Reservation-System/usecase/hotel.go:104.32,106.2 1 2
github.com/MelvinKim/Hotel-Reservation-System/usecase/hotel.go:112.26,114.2 1 2
github.com/MelvinKim/Hotel-Reservation-System/usecase/hotel.go:120.29,122.2 1 2
github.com/MelvinKim/Hotel-Reservation-System/usecase/hotel.go:128.25,130.2 1 0
github.com/MelvinKim/Hotel-Reservation-System/usecase/hotel.go:136.25,138.2 1 0
github.com/MelvinKim/Hotel-Reservation-System/usecase/hotel.go:143.33,145.2 1 0
github.com/MelvinKim/Hotel-Reservation-System/usecase/hotel.go:152.25,154.2 1 0
github.com/MelvinKim/Hotel-Reservation-System/usecase/hotel.go:159.27,161.2 1 0
github.com/MelvinKim/Hotel-Reservation-System/usecase/hotel.go:166.30,168.2 1 0
github.com/MelvinKim/Hotel-Reservation-System/usecase/hotel.go:175.32,177.2 1 1
